<?xml version="1.0" encoding="UTF-8"?>
<!-- Generated by org.testng.reporters.JUnitReportReporter -->
<testsuite skipped="0" hostname="AIPL-LT-609" name="tests.LoginTest" tests="1" failures="0" timestamp="2019-11-27T10:38:49 IST" time="15.318" errors="0">
  <testcase name="publishArticle" time="15.318" classname="tests.LoginTest"/>
</testsuite> <!-- tests.LoginTest -->
